<?xml version="1.0" encoding="UTF-8"?>
<!-- Generated by org.testng.reporters.JUnitReportReporter -->
<testsuite hostname="Ali" failures="0" tests="1" name="com.example.tests.GoogleSearchTest" time="1.952" errors="0" timestamp="2025-03-05T12:32:44 PKT" skipped="0">
  <testcase classname="com.example.tests.GoogleSearchTest" name="openGoogleHomePage" time="1.952"/>
</testsuite> <!-- com.example.tests.GoogleSearchTest -->
